#
# A fatal error has been detected by the Java Runtime Environment:
#
#  EXCEPTION_ACCESS_VIOLATION (0xc0000005) at pc=0x6425981e, pid=18604, tid=0x00005820
#
# JRE version: Java(TM) SE Runtime Environment (8.0) (build 1.8.0_391-b13)
# Java VM: Java HotSpot(TM) Client VM (25.391-b13 mixed mode, sharing windows-x86 )
# Problematic frame:
# C  [igxelpicd32.dll+0x1c981e]
#
# Failed to write core dump. Minidumps are not enabled by default on client versions of Windows
#
# If you would like to submit a bug report, please visit:
#   http://bugreport.java.com/bugreport/crash.jsp
# The crash happened outside the Java Virtual Machine in native code.
# See problematic frame for where to report the bug.
#

---------------  T H R E A D  ---------------

Current thread (0x16a21c00):  JavaThread "Animation Thread" [_thread_in_native, id=22560, stack(0x17dc0000,0x17e10000)]

siginfo: ExceptionCode=0xc0000005, reading address 0x00000004

Registers:
EAX=0x00000000, EBX=0x17e0ecf0, ECX=0x184d09c0, EDX=0x17e0eff0
ESP=0x17e0ec80, EBP=0x17e0ece8, ESI=0x17e0f1e8, EDI=0x17e0efa0
EIP=0x6425981e, EFLAGS=0x00010287

Top of Stack: (sp=0x17e0ec80)
0x17e0ec80:   00000000 00000000 00000000 00000000
0x17e0ec90:   00000000 00000000 00000000 18b47480
0x17e0eca0:   00000000 0c4ead36 00000000 2c18f762
0x17e0ecb0:   17e0ecd0 17e0f3b4 64a82b41 ffffffff
0x17e0ecc0:   17e0ed18 640b246a 7a000004 17e0ed18
0x17e0ecd0:   184d09c0 640b246a 184d09c0 2c18f602
0x17e0ece0:   184d09c0 640b19ea 17e0ee00 6423c81e
0x17e0ecf0:   17e0ee08 6423c81e 18b502e8 00000000 

Instructions: (pc=0x6425981e)
0x642597fe:   00 00 00 08 25 ff ff 7f ff 0d 00 00 40 01 25 ff
0x6425980e:   ff f7 ff 0d 00 00 37 00 89 42 1c eb 63 8b 43 14
0x6425981e:   8b 40 04 8b 40 14 83 f8 0a 74 2e 83 f8 4e 75 50
0x6425982e:   8b 0a a1 5c 70 ee 64 c1 e9 12 81 e1 ff 03 00 00 


Register to memory mapping:

EAX=0x00000000 is an unknown value
EBX=0x17e0ecf0 is pointing into the stack for thread: 0x16a21c00
ECX=0x184d09c0 is an unknown value
EDX=0x17e0eff0 is pointing into the stack for thread: 0x16a21c00
ESP=0x17e0ec80 is pointing into the stack for thread: 0x16a21c00
EBP=0x17e0ece8 is pointing into the stack for thread: 0x16a21c00
ESI=0x17e0f1e8 is pointing into the stack for thread: 0x16a21c00
EDI=0x17e0efa0 is pointing into the stack for thread: 0x16a21c00


Stack: [0x17dc0000,0x17e10000],  sp=0x17e0ec80,  free space=315k
Native frames: (J=compiled Java code, j=interpreted, Vv=VM code, C=native code)
C  [igxelpicd32.dll+0x1c981e]
C  [igxelpicd32.dll+0x1ac81e]
C  [igxelpicd32.dll+0x1894f9]
C  [igxelpicd32.dll+0x18e8fe]
C  [igxelpicd32.dll+0x20a6a9]
C  [igxelpicd32.dll+0x20b26f]
C  [igxelpicd32.dll+0x2d0e01]
C  [igxelpicd32.dll+0x976103]
C  [opengl32.dll+0x2598f]
C  [jogl.dll+0x1bdd]
J 354  com.sun.opengl.impl.GLImpl.glBegin0(I)V (0 bytes) @ 0x02430017 [0x0242ff90+0x87]
J 365 C1 processing.opengl.PGraphicsOpenGL.renderLines(II)V (254 bytes) @ 0x0243e79c [0x0243e670+0x12c]
J 398 C1 processing.core.PGraphics3D.endShape(I)V (258 bytes) @ 0x02449e94 [0x02449c50+0x244]
J 558 C1 processing.core.PGraphics.line(FFFF)V (23 bytes) @ 0x02479ffc [0x02479f70+0x8c]
J 620 C1 MultiWiiConf$cGraph.drawLine(LMultiWiiConf$cDataArray;FF)V (206 bytes) @ 0x0248dac8 [0x0248d870+0x258]
j  MultiWiiConf.draw()V+23806
J 1220 C1 processing.core.PApplet.handleDraw()V (239 bytes) @ 0x02578374 [0x02578170+0x204]
j  processing.core.PApplet.run()V+72
j  java.lang.Thread.run()V+11
v  ~StubRoutines::call_stub
V  [jvm.dll+0x16ec13]
V  [jvm.dll+0x24a15b]
V  [jvm.dll+0x16fa51]
V  [jvm.dll+0x16f826]
V  [jvm.dll+0x10f0f2]
V  [jvm.dll+0x1956d4]
V  [jvm.dll+0x1df06b]
C  [ucrtbase.dll+0x46823]
C  [KERNEL32.DLL+0x16839]
C  [ntdll.dll+0x6906f]
C  [ntdll.dll+0x6903d]
C  0x00000000

Java frames: (J=compiled Java code, j=interpreted, Vv=VM code)
J 354  com.sun.opengl.impl.GLImpl.glBegin0(I)V (0 bytes) @ 0x0242ffd3 [0x0242ff90+0x43]
J 365 C1 processing.opengl.PGraphicsOpenGL.renderLines(II)V (254 bytes) @ 0x0243e79c [0x0243e670+0x12c]
J 398 C1 processing.core.PGraphics3D.endShape(I)V (258 bytes) @ 0x02449e94 [0x02449c50+0x244]
J 558 C1 processing.core.PGraphics.line(FFFF)V (23 bytes) @ 0x02479ffc [0x02479f70+0x8c]
J 620 C1 MultiWiiConf$cGraph.drawLine(LMultiWiiConf$cDataArray;FF)V (206 bytes) @ 0x0248dac8 [0x0248d870+0x258]
j  MultiWiiConf.draw()V+23806
J 1220 C1 processing.core.PApplet.handleDraw()V (239 bytes) @ 0x02578374 [0x02578170+0x204]
j  processing.core.PApplet.run()V+72
j  java.lang.Thread.run()V+11
v  ~StubRoutines::call_stub

---------------  P R O C E S S  ---------------

Java Threads: ( => current thread )
  0x18707400 JavaThread "Thread-0" daemon [_thread_in_native, id=13028, stack(0x16fb0000,0x17000000)]
  0x18706400 JavaThread "Thread-4" [_thread_in_native, id=8840, stack(0x00920000,0x00970000)]
  0x0084d000 JavaThread "DestroyJavaVM" [_thread_blocked, id=2692, stack(0x00ad0000,0x00b20000)]
=>0x16a21c00 JavaThread "Animation Thread" [_thread_in_native, id=22560, stack(0x17dc0000,0x17e10000)]
  0x169e6c00 JavaThread "AWT-EventQueue-0" [_thread_blocked, id=20944, stack(0x16f00000,0x16f50000)]
  0x168e5400 JavaThread "AWT-Windows" daemon [_thread_in_native, id=16412, stack(0x16e30000,0x16e80000)]
  0x169a4000 JavaThread "AWT-Shutdown" [_thread_blocked, id=12740, stack(0x16da0000,0x16df0000)]
  0x169a3800 JavaThread "Java2D Disposer" daemon [_thread_blocked, id=1752, stack(0x16d10000,0x16d60000)]
  0x008f0800 JavaThread "Service Thread" daemon [_thread_blocked, id=7536, stack(0x167a0000,0x167f0000)]
  0x008e6800 JavaThread "C1 CompilerThread0" daemon [_thread_blocked, id=3716, stack(0x16710000,0x16760000)]
  0x008e5c00 JavaThread "Attach Listener" daemon [_thread_blocked, id=17384, stack(0x16680000,0x166d0000)]
  0x008e4c00 JavaThread "Signal Dispatcher" daemon [_thread_blocked, id=11272, stack(0x165f0000,0x16640000)]
  0x008d4800 JavaThread "Finalizer" daemon [_thread_blocked, id=14532, stack(0x16460000,0x164b0000)]
  0x00875000 JavaThread "Reference Handler" daemon [_thread_blocked, id=14508, stack(0x163d0000,0x16420000)]

Other Threads:
  0x00872800 VMThread [stack: 0x16340000,0x16390000] [id=21472]
  0x00917c00 WatcherThread [stack: 0x16930000,0x16980000] [id=20336]

VM state:not at safepoint (normal execution)

VM Mutex/Monitor currently owned by a thread: None

Heap:
 def new generation   total 4928K, used 510K [0x04400000, 0x04950000, 0x09950000)
  eden space 4416K,  11% used [0x04400000, 0x0447dc70, 0x04850000)
  from space 512K,   1% used [0x04850000, 0x04851c40, 0x048d0000)
  to   space 512K,   0% used [0x048d0000, 0x048d0000, 0x04950000)
 tenured generation   total 10944K, used 5488K [0x09950000, 0x0a400000, 0x14400000)
   the space 10944K,  50% used [0x09950000, 0x09eac380, 0x09eac400, 0x0a400000)
 Metaspace       used 3131K, capacity 5053K, committed 5120K, reserved 5504K

Card table byte_map: [0x14400000,0x14490000] byte_map_base: 0x143de000

Polling page: 0x00b20000

CodeCache: size=32768Kb used=2665Kb max_used=2665Kb free=30102Kb
 bounds [0x02300000, 0x025a0000, 0x04300000]
 total_blobs=1726 nmethods=1339 adapters=317
 compilation: enabled

Compilation events (10 events):
Event: 782.376 Thread 0x008e6800 1336             java.lang.Throwable::printStackTrace (13 bytes)
Event: 782.376 Thread 0x008e6800 nmethod 1336 0x02598b88 code [0x02598c90, 0x02598d7c]
Event: 935.153 Thread 0x008e6800 1337             java.lang.RuntimeException::<init> (6 bytes)
Event: 935.153 Thread 0x008e6800 nmethod 1337 0x02598e08 code [0x02598f00, 0x02598f8c]
Event: 961.954 Thread 0x008e6800 1338             processing.serial.Serial::errorMessage (36 bytes)
Event: 961.956 Thread 0x008e6800 nmethod 1338 0x02599008 code [0x02599160, 0x02599448]
Event: 3520.963 Thread 0x008e6800 1339 %           java.awt.EventDispatchThread::pumpEventsForFilter @ 10 (47 bytes)
Event: 3520.963 Thread 0x008e6800 nmethod 1339% 0x025996c8 code [0x02599800, 0x025999f0]
Event: 5107.050 Thread 0x008e6800 1340 % !         processing.core.PApplet::run @ 9 (192 bytes)
Event: 5107.051 Thread 0x008e6800 nmethod 1340% 0x02599b88 code [0x02599d10, 0x0259a28c]

GC Heap History (10 events):
Event: 10971.673 GC heap before
{Heap before GC invocations=787 (full 0):
 def new generation   total 4928K, used 4419K [0x04400000, 0x04950000, 0x09950000)
  eden space 4416K, 100% used [0x04400000, 0x04850000, 0x04850000)
  from space 512K,   0% used [0x048d0000, 0x048d0cc8, 0x04950000)
  to   space 512K,   0% used [0x04850000, 0x04850000, 0x048d0000)
 tenured generation   total 10944K, used 5488K [0x09950000, 0x0a400000, 0x14400000)
   the space 10944K,  50% used [0x09950000, 0x09eac380, 0x09eac400, 0x0a400000)
 Metaspace       used 3130K, capacity 5053K, committed 5120K, reserved 5504K
Event: 10971.674 GC heap after
Heap after GC invocations=788 (full 0):
 def new generation   total 4928K, used 3K [0x04400000, 0x04950000, 0x09950000)
  eden space 4416K,   0% used [0x04400000, 0x04400000, 0x04850000)
  from space 512K,   0% used [0x04850000, 0x04850dd8, 0x048d0000)
  to   space 512K,   0% used [0x048d0000, 0x048d0000, 0x04950000)
 tenured generation   total 10944K, used 5488K [0x09950000, 0x0a400000, 0x14400000)
   the space 10944K,  50% used [0x09950000, 0x09eac380, 0x09eac400, 0x0a400000)
 Metaspace       used 3130K, capacity 5053K, committed 5120K, reserved 5504K
}
Event: 10986.379 GC heap before
{Heap before GC invocations=788 (full 0):
 def new generation   total 4928K, used 4419K [0x04400000, 0x04950000, 0x09950000)
  eden space 4416K, 100% used [0x04400000, 0x04850000, 0x04850000)
  from space 512K,   0% used [0x04850000, 0x04850dd8, 0x048d0000)
  to   space 512K,   0% used [0x048d0000, 0x048d0000, 0x04950000)
 tenured generation   total 10944K, used 5488K [0x09950000, 0x0a400000, 0x14400000)
   the space 10944K,  50% used [0x09950000, 0x09eac380, 0x09eac400, 0x0a400000)
 Metaspace       used 3130K, capacity 5053K, committed 5120K, reserved 5504K
Event: 10986.380 GC heap after
Heap after GC invocations=789 (full 0):
 def new generation   total 4928K, used 2K [0x04400000, 0x04950000, 0x09950000)
  eden space 4416K,   0% used [0x04400000, 0x04400000, 0x04850000)
  from space 512K,   0% used [0x048d0000, 0x048d0ab0, 0x04950000)
  to   space 512K,   0% used [0x04850000, 0x04850000, 0x048d0000)
 tenured generation   total 10944K, used 5488K [0x09950000, 0x0a400000, 0x14400000)
   the space 10944K,  50% used [0x09950000, 0x09eac380, 0x09eac400, 0x0a400000)
 Metaspace       used 3130K, capacity 5053K, committed 5120K, reserved 5504K
}
Event: 11001.834 GC heap before
{Heap before GC invocations=789 (full 0):
 def new generation   total 4928K, used 4418K [0x04400000, 0x04950000, 0x09950000)
  eden space 4416K, 100% used [0x04400000, 0x04850000, 0x04850000)
  from space 512K,   0% used [0x048d0000, 0x048d0ab0, 0x04950000)
  to   space 512K,   0% used [0x04850000, 0x04850000, 0x048d0000)
 tenured generation   total 10944K, used 5488K [0x09950000, 0x0a400000, 0x14400000)
   the space 10944K,  50% used [0x09950000, 0x09eac380, 0x09eac400, 0x0a400000)
 Metaspace       used 3130K, capacity 5053K, committed 5120K, reserved 5504K
Event: 11001.836 GC heap after
Heap after GC invocations=790 (full 0):
 def new generation   total 4928K, used 4K [0x04400000, 0x04950000, 0x09950000)
  eden space 4416K,   0% used [0x04400000, 0x04400000, 0x04850000)
  from space 512K,   0% used [0x04850000, 0x04851128, 0x048d0000)
  to   space 512K,   0% used [0x048d0000, 0x048d0000, 0x04950000)
 tenured generation   total 10944K, used 5488K [0x09950000, 0x0a400000, 0x14400000)
   the space 10944K,  50% used [0x09950000, 0x09eac380, 0x09eac400, 0x0a400000)
 Metaspace       used 3130K, capacity 5053K, committed 5120K, reserved 5504K
}
Event: 11016.690 GC heap before
{Heap before GC invocations=790 (full 0):
 def new generation   total 4928K, used 4420K [0x04400000, 0x04950000, 0x09950000)
  eden space 4416K, 100% used [0x04400000, 0x04850000, 0x04850000)
  from space 512K,   0% used [0x04850000, 0x04851128, 0x048d0000)
  to   space 512K,   0% used [0x048d0000, 0x048d0000, 0x04950000)
 tenured generation   total 10944K, used 5488K [0x09950000, 0x0a400000, 0x14400000)
   the space 10944K,  50% used [0x09950000, 0x09eac380, 0x09eac400, 0x0a400000)
 Metaspace       used 3130K, capacity 5053K, committed 5120K, reserved 5504K
Event: 11016.691 GC heap after
Heap after GC invocations=791 (full 0):
 def new generation   total 4928K, used 4K [0x04400000, 0x04950000, 0x09950000)
  eden space 4416K,   0% used [0x04400000, 0x04400000, 0x04850000)
  from space 512K,   0% used [0x048d0000, 0x048d1230, 0x04950000)
  to   space 512K,   0% used [0x04850000, 0x04850000, 0x048d0000)
 tenured generation   total 10944K, used 5488K [0x09950000, 0x0a400000, 0x14400000)
   the space 10944K,  50% used [0x09950000, 0x09eac380, 0x09eac400, 0x0a400000)
 Metaspace       used 3130K, capacity 5053K, committed 5120K, reserved 5504K
}
Event: 27093.512 GC heap before
{Heap before GC invocations=791 (full 0):
 def new generation   total 4928K, used 4420K [0x04400000, 0x04950000, 0x09950000)
  eden space 4416K, 100% used [0x04400000, 0x04850000, 0x04850000)
  from space 512K,   0% used [0x048d0000, 0x048d1230, 0x04950000)
  to   space 512K,   0% used [0x04850000, 0x04850000, 0x048d0000)
 tenured generation   total 10944K, used 5488K [0x09950000, 0x0a400000, 0x14400000)
   the space 10944K,  50% used [0x09950000, 0x09eac380, 0x09eac400, 0x0a400000)
 Metaspace       used 3130K, capacity 5053K, committed 5120K, reserved 5504K
Event: 27093.517 GC heap after
Heap after GC invocations=792 (full 0):
 def new generation   total 4928K, used 7K [0x04400000, 0x04950000, 0x09950000)
  eden space 4416K,   0% used [0x04400000, 0x04400000, 0x04850000)
  from space 512K,   1% used [0x04850000, 0x04851c40, 0x048d0000)
  to   space 512K,   0% used [0x048d0000, 0x048d0000, 0x04950000)
 tenured generation   total 10944K, used 5488K [0x09950000, 0x0a400000, 0x14400000)
   the space 10944K,  50% used [0x09950000, 0x09eac380, 0x09eac400, 0x0a400000)
 Metaspace       used 3130K, capacity 5053K, committed 5120K, reserved 5504K
}

Deoptimization events (0 events):
No events

Classes redefined (0 events):
No events

Internal exceptions (10 events):
Event: 27094.909 Thread 0x16a21c00 Exception <a 'java/io/IOException'> (0x04467078) thrown at [C:\jenkins\workspace\8-2-build-windows-i586-cygwin-sans-NAS\jdk8u391\514\hotspot\src\share\vm\prims\jni.cpp, line 710]
Event: 27094.909 Thread 0x16a21c00 Exception <a 'java/io/IOException'> (0x044675d8) thrown at [C:\jenkins\workspace\8-2-build-windows-i586-cygwin-sans-NAS\jdk8u391\514\hotspot\src\share\vm\prims\jni.cpp, line 710]
Event: 27094.909 Thread 0x16a21c00 Exception <a 'java/io/IOException'> (0x04467850) thrown at [C:\jenkins\workspace\8-2-build-windows-i586-cygwin-sans-NAS\jdk8u391\514\hotspot\src\share\vm\prims\jni.cpp, line 710]
Event: 27094.909 Thread 0x16a21c00 Exception <a 'java/io/IOException'> (0x04467a98) thrown at [C:\jenkins\workspace\8-2-build-windows-i586-cygwin-sans-NAS\jdk8u391\514\hotspot\src\share\vm\prims\jni.cpp, line 710]
Event: 27094.909 Thread 0x16a21c00 Exception <a 'java/io/IOException'> (0x04467fe0) thrown at [C:\jenkins\workspace\8-2-build-windows-i586-cygwin-sans-NAS\jdk8u391\514\hotspot\src\share\vm\prims\jni.cpp, line 710]
Event: 27094.909 Thread 0x16a21c00 Exception <a 'java/io/IOException'> (0x04468258) thrown at [C:\jenkins\workspace\8-2-build-windows-i586-cygwin-sans-NAS\jdk8u391\514\hotspot\src\share\vm\prims\jni.cpp, line 710]
Event: 27094.909 Thread 0x16a21c00 Exception <a 'java/io/IOException'> (0x044684a0) thrown at [C:\jenkins\workspace\8-2-build-windows-i586-cygwin-sans-NAS\jdk8u391\514\hotspot\src\share\vm\prims\jni.cpp, line 710]
Event: 27094.909 Thread 0x16a21c00 Exception <a 'java/io/IOException'> (0x044689b8) thrown at [C:\jenkins\workspace\8-2-build-windows-i586-cygwin-sans-NAS\jdk8u391\514\hotspot\src\share\vm\prims\jni.cpp, line 710]
Event: 27094.909 Thread 0x16a21c00 Exception <a 'java/io/IOException'> (0x04468c30) thrown at [C:\jenkins\workspace\8-2-build-windows-i586-cygwin-sans-NAS\jdk8u391\514\hotspot\src\share\vm\prims\jni.cpp, line 710]
Event: 27094.909 Thread 0x16a21c00 Exception <a 'java/io/IOException'> (0x04468e78) thrown at [C:\jenkins\workspace\8-2-build-windows-i586-cygwin-sans-NAS\jdk8u391\514\hotspot\src\share\vm\prims\jni.cpp, line 710]

Events (10 events):
Event: 11001.836 Executing VM operation: GenCollectForAllocation done
Event: 11016.690 Executing VM operation: GenCollectForAllocation
Event: 11016.691 Executing VM operation: GenCollectForAllocation done
Event: 27093.512 Executing VM operation: GenCollectForAllocation
Event: 27093.517 Executing VM operation: GenCollectForAllocation done
Event: 27094.910 Thread 0x18707400 Thread added: 0x18707400
Event: 27094.910 Thread 0x18707800 Thread added: 0x18707800
Event: 27094.910 Thread 0x18708000 Thread added: 0x18708000
Event: 27094.911 Thread 0x18707800 Thread exited: 0x18707800
Event: 27094.911 Thread 0x18708000 Thread exited: 0x18708000


Dynamic libraries:
0x00470000 - 0x004b0000 	C:\Program Files (x86)\Common Files\Oracle\Java\javapath\javaw.exe
0x771b0000 - 0x7735a000 	C:\WINDOWS\SYSTEM32\ntdll.dll
0x76400000 - 0x764f0000 	C:\WINDOWS\System32\KERNEL32.DLL
0x75ee0000 - 0x76141000 	C:\WINDOWS\System32\KERNELBASE.dll
0x75840000 - 0x758bc000 	C:\WINDOWS\System32\ADVAPI32.dll
0x76b20000 - 0x76be2000 	C:\WINDOWS\System32\msvcrt.dll
0x75290000 - 0x7530a000 	C:\WINDOWS\System32\sechost.dll
0x75310000 - 0x753cc000 	C:\WINDOWS\System32\RPCRT4.dll
0x74fd0000 - 0x7517c000 	C:\WINDOWS\System32\USER32.dll
0x76ff0000 - 0x7700a000 	C:\WINDOWS\System32\win32u.dll
0x75810000 - 0x75833000 	C:\WINDOWS\System32\GDI32.dll
0x761d0000 - 0x762b9000 	C:\WINDOWS\System32\gdi32full.dll
0x76150000 - 0x761cb000 	C:\WINDOWS\System32\msvcp_win.dll
0x77080000 - 0x77192000 	C:\WINDOWS\System32\ucrtbase.dll
0x749b0000 - 0x74bd3000 	C:\WINDOWS\WinSxS\x86_microsoft.windows.common-controls_6595b64144ccf1df_6.0.22000.120_none_e541a94fcce8ed6d\COMCTL32.dll
0x76830000 - 0x76855000 	C:\WINDOWS\System32\IMM32.DLL
0x6e690000 - 0x6e6a5000 	C:\Program Files (x86)\Java\jre-1.8\bin\vcruntime140.dll
0x6e620000 - 0x6e68d000 	C:\Program Files (x86)\Java\jre-1.8\bin\msvcp140.dll
0x65200000 - 0x65607000 	C:\Program Files (x86)\Java\jre-1.8\bin\client\jvm.dll
0x74f00000 - 0x74f06000 	C:\WINDOWS\System32\PSAPI.DLL
0x73fb0000 - 0x73fb8000 	C:\WINDOWS\SYSTEM32\VERSION.dll
0x74160000 - 0x74191000 	C:\WINDOWS\SYSTEM32\WINMM.dll
0x6e610000 - 0x6e618000 	C:\WINDOWS\SYSTEM32\WSOCK32.dll
0x77010000 - 0x77074000 	C:\WINDOWS\System32\WS2_32.dll
0x73fc0000 - 0x73fd2000 	C:\WINDOWS\SYSTEM32\kernel.appcore.dll
0x6e600000 - 0x6e60d000 	C:\Program Files (x86)\Java\jre-1.8\bin\verify.dll
0x6e5d0000 - 0x6e5f4000 	C:\Program Files (x86)\Java\jre-1.8\bin\java.dll
0x6e5b0000 - 0x6e5c6000 	C:\Program Files (x86)\Java\jre-1.8\bin\zip.dll
0x758c0000 - 0x75ed6000 	C:\WINDOWS\System32\SHELL32.dll
0x74310000 - 0x749ad000 	C:\WINDOWS\SYSTEM32\windows.storage.dll
0x764f0000 - 0x7677a000 	C:\WINDOWS\System32\combase.dll
0x73fe0000 - 0x740cb000 	C:\WINDOWS\SYSTEM32\wintypes.dll
0x76a50000 - 0x76b11000 	C:\WINDOWS\System32\SHCORE.dll
0x762c0000 - 0x7630a000 	C:\WINDOWS\System32\shlwapi.dll
0x73530000 - 0x7354c000 	C:\WINDOWS\SYSTEM32\profapi.dll
0x650b0000 - 0x651fe000 	C:\Program Files (x86)\Java\jre-1.8\bin\awt.dll
0x751f0000 - 0x7528c000 	C:\WINDOWS\System32\OLEAUT32.dll
0x6f7c0000 - 0x6f862000 	C:\WINDOWS\SYSTEM32\apphelp.dll
0x73660000 - 0x736e2000 	C:\WINDOWS\system32\uxtheme.dll
0x67e60000 - 0x67f5b000 	C:\ProgramData\A-Volute\A-Volute.Nahimic\Modules\Scheduled\AudioDevProps2.dll
0x76e40000 - 0x76f8e000 	C:\WINDOWS\System32\ole32.dll
0x76320000 - 0x763fa000 	C:\WINDOWS\System32\MSCTF.dll
0x76d60000 - 0x76dc4000 	C:\WINDOWS\System32\bcryptPrimitives.dll
0x73550000 - 0x73577000 	C:\WINDOWS\system32\DWMAPI.DLL
0x6e4d0000 - 0x6e5b0000 	C:\WINDOWS\system32\opengl32.dll
0x6e060000 - 0x6e0a1000 	C:\WINDOWS\SYSTEM32\GLU32.dll
0x68620000 - 0x6864e000 	C:\WINDOWS\SYSTEM32\dxcore.dll
0x6e010000 - 0x6e053000 	C:\Program Files (x86)\Java\jre-1.8\bin\fontmanager.dll
0x17e10000 - 0x17e5d000 	C:\MY_DATA\MULTIWII\Multiwii\MultiWii_2_3\MultiWiiConf\application.windows32\jogl.dll
0x6e4c0000 - 0x6e4c6000 	C:\Program Files (x86)\Java\jre-1.8\bin\jawt.dll
0x16f90000 - 0x16f95000 	C:\MY_DATA\MULTIWII\Multiwii\MultiWii_2_3\MultiWiiConf\application.windows32\jogl_awt.dll
0x675f0000 - 0x67628000 	C:\WINDOWS\SYSTEM32\directxdatabasehelper.dll
0x74c30000 - 0x74c59000 	C:\WINDOWS\SYSTEM32\ntmarta.dll
0x64fc0000 - 0x650a2000 	C:\WINDOWS\SYSTEM32\textinputframework.dll
0x767a0000 - 0x76822000 	C:\WINDOWS\System32\clbcatq.dll
0x68530000 - 0x68613000 	C:\Windows\System32\AppXDeploymentClient.dll
0x71ae0000 - 0x71c83000 	C:\WINDOWS\SYSTEM32\urlmon.dll
0x71ac0000 - 0x71ade000 	C:\Windows\System32\srvcli.dll
0x71e40000 - 0x72079000 	C:\Windows\System32\iertutil.dll
0x71ab0000 - 0x71abb000 	C:\Windows\System32\netutils.dll
0x64090000 - 0x64fb5000 	C:\WINDOWS\System32\DriverStore\FileRepository\iigd_dch.inf_amd64_64f1ea0105c67ec6\igxelpicd32.dll
0x68670000 - 0x6873c000 	C:\WINDOWS\system32\dxgi.dll
0x63f90000 - 0x6408c000 	C:\WINDOWS\System32\DriverStore\FileRepository\iigd_dch.inf_amd64_64f1ea0105c67ec6\igdml32.dll
0x63c50000 - 0x63f86000 	C:\WINDOWS\System32\DriverStore\FileRepository\iigd_dch.inf_amd64_64f1ea0105c67ec6\igdgmm32.dll
0x60340000 - 0x63c46000 	C:\WINDOWS\System32\DriverStore\FileRepository\iigd_dch.inf_amd64_64f1ea0105c67ec6\igc32.dll
0x74be0000 - 0x74c25000 	C:\WINDOWS\SYSTEM32\powrprof.dll
0x736f0000 - 0x736fe000 	C:\WINDOWS\SYSTEM32\UMPDC.dll
0x6e4a0000 - 0x6e4b7000 	C:\Program Files (x86)\Java\jre-1.8\bin\net.dll
0x70bf0000 - 0x70c40000 	C:\WINDOWS\system32\mswsock.dll
0x6e490000 - 0x6e49f000 	C:\Program Files (x86)\Java\jre-1.8\bin\nio.dll
0x6dfd0000 - 0x6e006000 	C:\Program Files (x86)\Java\jre-1.8\bin\t2k.dll
0x71080000 - 0x71096000 	C:\MY_DATA\MULTIWII\Multiwii\MultiWii_2_3\MultiWiiConf\application.windows32\rxtxSerial.dll
0x67c20000 - 0x67ceb000 	C:\WINDOWS\SYSTEM32\CoreMessaging.dll
0x600a0000 - 0x60333000 	C:\WINDOWS\SYSTEM32\CoreUIComponents.dll
0x70c90000 - 0x70c9b000 	C:\WINDOWS\SYSTEM32\CRYPTBASE.DLL
0x6ddc0000 - 0x6df87000 	C:\WINDOWS\SYSTEM32\dbghelp.dll

VM Arguments:
java_command: MultiWiiConf
java_class_path (initial): C:\MY_DATA\MULTIWII\Multiwii\MultiWii_2_3\MultiWiiConf\application.windows32\lib\MultiWiiConf.jar;C:\MY_DATA\MULTIWII\Multiwii\MultiWii_2_3\MultiWiiConf\application.windows32\lib\core.jar;C:\MY_DATA\MULTIWII\Multiwii\MultiWii_2_3\MultiWiiConf\application.windows32\lib\RXTXcomm.jar;C:\MY_DATA\MULTIWII\Multiwii\MultiWii_2_3\MultiWiiConf\application.windows32\lib\serial.jar;C:\MY_DATA\MULTIWII\Multiwii\MultiWii_2_3\MultiWiiConf\application.windows32\lib\controlP5.jar;C:\MY_DATA\MULTIWII\Multiwii\MultiWii_2_3\MultiWiiConf\application.windows32\lib\gluegen-rt.jar;C:\MY_DATA\MULTIWII\Multiwii\MultiWii_2_3\MultiWiiConf\application.windows32\lib\jogl.jar;C:\MY_DATA\MULTIWII\Multiwii\MultiWii_2_3\MultiWiiConf\application.windows32\lib\opengl.jar
Launcher Type: SUN_STANDARD

Environment Variables:
CLASSPATH=C:\MY_DATA\MULTIWII\Multiwii\MultiWii_2_3\MultiWiiConf\application.windows32\lib\MultiWiiConf.jar;C:\MY_DATA\MULTIWII\Multiwii\MultiWii_2_3\MultiWiiConf\application.windows32\lib\core.jar;C:\MY_DATA\MULTIWII\Multiwii\MultiWii_2_3\MultiWiiConf\application.windows32\lib\RXTXcomm.jar;C:\MY_DATA\MULTIWII\Multiwii\MultiWii_2_3\MultiWiiConf\application.windows32\lib\serial.jar;C:\MY_DATA\MULTIWII\Multiwii\MultiWii_2_3\MultiWiiConf\application.windows32\lib\controlP5.jar;C:\MY_DATA\MULTIWII\Multiwii\MultiWii_2_3\MultiWiiConf\application.windows32\lib\gluegen-rt.jar;C:\MY_DATA\MULTIWII\Multiwii\MultiWii_2_3\MultiWiiConf\application.windows32\lib\jogl.jar;C:\MY_DATA\MULTIWII\Multiwii\MultiWii_2_3\MultiWiiConf\application.windows32\lib\opengl.jar
PATH=C:\Program Files (x86)\Common Files\Oracle\Java\javapath;C:\Windows\system32;C:\Windows;C:\Windows\System32\Wbem;C:\Windows\System32\WindowsPowerShell\v1.0;C:\Program Files (x86)\NVIDIA Corporation\PhysX\Common;C:\Program Files\NVIDIA Corporation\NVIDIA NvDLISR;C:\Program Files\PuTTY;C:\Users\MSI-1\AppData\Local\Microsoft\WindowsApps
USERNAME=MSI-1
OS=Windows_NT
PROCESSOR_IDENTIFIER=Intel64 Family 6 Model 141 Stepping 1, GenuineIntel



---------------  S Y S T E M  ---------------

OS: Windows 11 , 64 bit Build 22000 (10.0.22000.2538)

CPU:total 12 (initial active 12) (6 cores per cpu, 2 threads per core) family 6 model 141 stepping 1, cmov, cx8, fxsr, mmx, sse, sse2, sse3, ssse3, sse4.1, sse4.2, popcnt, avx, avx2, aes, clmul, erms, 3dnowpref, lzcnt, ht, tsc, tscinvbit, bmi1, bmi2, adx

Memory: 4k page, physical 8066736k(710692k free), swap 16228860k(2919472k free)

vm_info: Java HotSpot(TM) Client VM (25.391-b13) for windows-x86 JRE (1.8.0_391-b13), built on Oct  4 2023 07:58:09 by "java_re" with MS VC++ 17.1 (VS2022)

time: Thu May  2 04:54:05 2024
timezone: Pacific Standard Time
elapsed time: 27095.090464 seconds (0d 7h 31m 35s)

