#
# A fatal error has been detected by the Java Runtime Environment:
#
#  EXCEPTION_ACCESS_VIOLATION (0xc0000005) at pc=0x5ff8981e, pid=15292, tid=0x00000bc4
#
# JRE version: Java(TM) SE Runtime Environment (8.0) (build 1.8.0_391-b13)
# Java VM: Java HotSpot(TM) Client VM (25.391-b13 mixed mode, sharing windows-x86 )
# Problematic frame:
# C  [igxelpicd32.dll+0x1c981e]
#
# Failed to write core dump. Minidumps are not enabled by default on client versions of Windows
#
# If you would like to submit a bug report, please visit:
#   http://bugreport.java.com/bugreport/crash.jsp
# The crash happened outside the Java Virtual Machine in native code.
# See problematic frame for where to report the bug.
#

---------------  T H R E A D  ---------------

Current thread (0x177d0c00):  JavaThread "Animation Thread" [_thread_in_native, id=3012, stack(0x18b90000,0x18be0000)]

siginfo: ExceptionCode=0xc0000005, reading address 0x00000004

Registers:
EAX=0x00000000, EBX=0x18bdea70, ECX=0x18fdefc0, EDX=0x18bded70
ESP=0x18bdea00, EBP=0x18bdea68, ESI=0x18bdef68, EDI=0x18bded20
EIP=0x5ff8981e, EFLAGS=0x00010287

Top of Stack: (sp=0x18bdea00)
0x18bdea00:   00000000 00000000 00000000 00000000
0x18bdea10:   00000000 00000000 00000000 19d0e638
0x18bdea20:   00000000 0067ed45 00000000 71b5d943
0x18bdea30:   18bdea50 18bdf134 607b2b41 ffffffff
0x18bdea40:   18bdea98 5fde246a 7a000004 18bdea98
0x18bdea50:   18fdefc0 5fde246a 18fdefc0 71b5d823
0x18bdea60:   18fdefc0 5fde19ea 18bdeb80 5ff6c81e
0x18bdea70:   18bdeb88 5ff6c81e 19d188f8 00000000 

Instructions: (pc=0x5ff8981e)
0x5ff897fe:   00 00 00 08 25 ff ff 7f ff 0d 00 00 40 01 25 ff
0x5ff8980e:   ff f7 ff 0d 00 00 37 00 89 42 1c eb 63 8b 43 14
0x5ff8981e:   8b 40 04 8b 40 14 83 f8 0a 74 2e 83 f8 4e 75 50
0x5ff8982e:   8b 0a a1 5c 70 c1 60 c1 e9 12 81 e1 ff 03 00 00 


Register to memory mapping:

EAX=0x00000000 is an unknown value
EBX=0x18bdea70 is pointing into the stack for thread: 0x177d0c00
ECX=0x18fdefc0 is an unknown value
EDX=0x18bded70 is pointing into the stack for thread: 0x177d0c00
ESP=0x18bdea00 is pointing into the stack for thread: 0x177d0c00
EBP=0x18bdea68 is pointing into the stack for thread: 0x177d0c00
ESI=0x18bdef68 is pointing into the stack for thread: 0x177d0c00
EDI=0x18bded20 is pointing into the stack for thread: 0x177d0c00


Stack: [0x18b90000,0x18be0000],  sp=0x18bdea00,  free space=314k
Native frames: (J=compiled Java code, j=interpreted, Vv=VM code, C=native code)
C  [igxelpicd32.dll+0x1c981e]
C  [igxelpicd32.dll+0x1ac81e]
C  [igxelpicd32.dll+0x1894f9]
C  [igxelpicd32.dll+0x18e8fe]
C  [igxelpicd32.dll+0x20a6a9]
C  [igxelpicd32.dll+0x20b26f]
C  [igxelpicd32.dll+0x2d0e01]
C  [igxelpicd32.dll+0x976103]
C  [opengl32.dll+0x25b0f]
C  [jogl.dll+0x1bdd]
J 354  com.sun.opengl.impl.GLImpl.glBegin0(I)V (0 bytes) @ 0x031cecd7 [0x031cec50+0x87]
J 350 C1 processing.opengl.PGraphicsOpenGL.renderTriangles(II)V (1111 bytes) @ 0x031d3a88 [0x031d35b0+0x4d8]
J 393 C1 processing.core.PGraphics3D.endShape(I)V (258 bytes) @ 0x031e8204 [0x031e8090+0x174]
J 414 C1 processing.core.PGraphics.imageImpl(Lprocessing/core/PImage;FFFFIIII)V (102 bytes) @ 0x031ee6a0 [0x031ee520+0x180]
J 413 C1 processing.core.PGraphics.textCharModelImpl(Lprocessing/core/PImage;FFFFII)V (155 bytes) @ 0x031ee270 [0x031ee150+0x120]
J 411 C1 processing.core.PGraphics.textCharImpl(CFF)V (229 bytes) @ 0x031ed9c4 [0x031ed840+0x184]
J 410 C1 processing.opengl.PGraphicsOpenGL.textCharImpl(CFF)V (72 bytes) @ 0x031ed47c [0x031ed370+0x10c]
J 397 C1 processing.core.PGraphics.textLineImpl([CIIFF)V (58 bytes) @ 0x031e94cc [0x031e9430+0x9c]
J 459 C1 processing.core.PGraphics.textLineAlignImpl([CIIFF)V (58 bytes) @ 0x031fc190 [0x031fc080+0x110]
J 382 C1 processing.core.PGraphics.text([CIIFF)V (185 bytes) @ 0x031e4bb8 [0x031e49b0+0x208]
J 448 C1 processing.core.PGraphics.text(Ljava/lang/String;FF)V (81 bytes) @ 0x031f9ce0 [0x031f9b50+0x190]
J 470 C1 controlP5.ControlFont$PFontLabel.draw(Lprocessing/core/PApplet;LcontrolP5/Label;)V (120 bytes) @ 0x03200290 [0x031fff90+0x300]
J 468 C1 controlP5.Label.draw(Lprocessing/core/PApplet;II)V (214 bytes) @ 0x031ff23c [0x031fee90+0x3ac]
J 463 C1 controlP5.Label$SinglelineLabel.draw(LcontrolP5/Label;Lprocessing/core/PApplet;IILcontrolP5/ControllerInterface;)V (50 bytes) @ 0x031fcbe4 [0x031fcb20+0xc4]
J 610 C1 controlP5.Slider$SliderViewH.display(Lprocessing/core/PApplet;LcontrolP5/Slider;)V (453 bytes) @ 0x032290b0 [0x03228be0+0x4d0]
J 609 C1 controlP5.Slider$SliderViewH.display(Lprocessing/core/PApplet;Ljava/lang/Object;)V (10 bytes) @ 0x03228794 [0x03228750+0x44]
J 515 C1 controlP5.Controller.draw(Lprocessing/core/PApplet;)V (49 bytes) @ 0x0320ed0c [0x0320ec20+0xec]
J 489 C1 controlP5.ControllerGroup.drawControllers(Lprocessing/core/PApplet;)V (198 bytes) @ 0x03206d00 [0x03206b80+0x180]
J 752 C1 controlP5.ControllerGroup.draw(Lprocessing/core/PApplet;)V (67 bytes) @ 0x03281208 [0x03281110+0xf8]
J 749 C1 controlP5.ControlWindow.draw()V (628 bytes) @ 0x0327db70 [0x0327d340+0x830]
j  sun.reflect.GeneratedMethodAccessor5.invoke(Ljava/lang/Object;[Ljava/lang/Object;)Ljava/lang/Object;+36
J 543 C1 sun.reflect.DelegatingMethodAccessorImpl.invoke(Ljava/lang/Object;[Ljava/lang/Object;)Ljava/lang/Object; (10 bytes) @ 0x03217540 [0x03217510+0x30]
J 542 C1 java.lang.reflect.Method.invoke(Ljava/lang/Object;[Ljava/lang/Object;)Ljava/lang/Object; (62 bytes) @ 0x03217254 [0x03217180+0xd4]
J 702 C1 processing.core.PApplet$RegisteredMethods.handle([Ljava/lang/Object;)V (66 bytes) @ 0x03261918 [0x032618b0+0x68]
J 881 C1 processing.core.PApplet$RegisteredMethods.handle()V (9 bytes) @ 0x032a3cf4 [0x032a3c50+0xa4]
j  processing.core.PApplet.handleDraw()V+176
j  processing.core.PApplet.run()V+72
j  java.lang.Thread.run()V+11
v  ~StubRoutines::call_stub
V  [jvm.dll+0x16ec13]
V  [jvm.dll+0x24a15b]
V  [jvm.dll+0x16fa51]
V  [jvm.dll+0x16f826]
V  [jvm.dll+0x10f0f2]
V  [jvm.dll+0x1956d4]
V  [jvm.dll+0x1df06b]
C  [ucrtbase.dll+0x459e3]
C  [KERNEL32.DLL+0x17ba9]
C  [ntdll.dll+0x6be3b]
C  [ntdll.dll+0x6bdbf]
C  0x00000000

Java frames: (J=compiled Java code, j=interpreted, Vv=VM code)
J 354  com.sun.opengl.impl.GLImpl.glBegin0(I)V (0 bytes) @ 0x031cec93 [0x031cec50+0x43]
J 350 C1 processing.opengl.PGraphicsOpenGL.renderTriangles(II)V (1111 bytes) @ 0x031d3a88 [0x031d35b0+0x4d8]
J 393 C1 processing.core.PGraphics3D.endShape(I)V (258 bytes) @ 0x031e8204 [0x031e8090+0x174]
J 414 C1 processing.core.PGraphics.imageImpl(Lprocessing/core/PImage;FFFFIIII)V (102 bytes) @ 0x031ee6a0 [0x031ee520+0x180]
J 413 C1 processing.core.PGraphics.textCharModelImpl(Lprocessing/core/PImage;FFFFII)V (155 bytes) @ 0x031ee270 [0x031ee150+0x120]
J 411 C1 processing.core.PGraphics.textCharImpl(CFF)V (229 bytes) @ 0x031ed9c4 [0x031ed840+0x184]
J 410 C1 processing.opengl.PGraphicsOpenGL.textCharImpl(CFF)V (72 bytes) @ 0x031ed47c [0x031ed370+0x10c]
J 397 C1 processing.core.PGraphics.textLineImpl([CIIFF)V (58 bytes) @ 0x031e94cc [0x031e9430+0x9c]
J 459 C1 processing.core.PGraphics.textLineAlignImpl([CIIFF)V (58 bytes) @ 0x031fc190 [0x031fc080+0x110]
J 382 C1 processing.core.PGraphics.text([CIIFF)V (185 bytes) @ 0x031e4bb8 [0x031e49b0+0x208]
J 448 C1 processing.core.PGraphics.text(Ljava/lang/String;FF)V (81 bytes) @ 0x031f9ce0 [0x031f9b50+0x190]
J 470 C1 controlP5.ControlFont$PFontLabel.draw(Lprocessing/core/PApplet;LcontrolP5/Label;)V (120 bytes) @ 0x03200290 [0x031fff90+0x300]
J 468 C1 controlP5.Label.draw(Lprocessing/core/PApplet;II)V (214 bytes) @ 0x031ff23c [0x031fee90+0x3ac]
J 463 C1 controlP5.Label$SinglelineLabel.draw(LcontrolP5/Label;Lprocessing/core/PApplet;IILcontrolP5/ControllerInterface;)V (50 bytes) @ 0x031fcbe4 [0x031fcb20+0xc4]
J 610 C1 controlP5.Slider$SliderViewH.display(Lprocessing/core/PApplet;LcontrolP5/Slider;)V (453 bytes) @ 0x032290b0 [0x03228be0+0x4d0]
J 609 C1 controlP5.Slider$SliderViewH.display(Lprocessing/core/PApplet;Ljava/lang/Object;)V (10 bytes) @ 0x03228794 [0x03228750+0x44]
J 515 C1 controlP5.Controller.draw(Lprocessing/core/PApplet;)V (49 bytes) @ 0x0320ed0c [0x0320ec20+0xec]
J 489 C1 controlP5.ControllerGroup.drawControllers(Lprocessing/core/PApplet;)V (198 bytes) @ 0x03206d00 [0x03206b80+0x180]
J 752 C1 controlP5.ControllerGroup.draw(Lprocessing/core/PApplet;)V (67 bytes) @ 0x03281208 [0x03281110+0xf8]
J 749 C1 controlP5.ControlWindow.draw()V (628 bytes) @ 0x0327db70 [0x0327d340+0x830]
j  sun.reflect.GeneratedMethodAccessor5.invoke(Ljava/lang/Object;[Ljava/lang/Object;)Ljava/lang/Object;+36
J 543 C1 sun.reflect.DelegatingMethodAccessorImpl.invoke(Ljava/lang/Object;[Ljava/lang/Object;)Ljava/lang/Object; (10 bytes) @ 0x03217540 [0x03217510+0x30]
J 542 C1 java.lang.reflect.Method.invoke(Ljava/lang/Object;[Ljava/lang/Object;)Ljava/lang/Object; (62 bytes) @ 0x03217254 [0x03217180+0xd4]
J 702 C1 processing.core.PApplet$RegisteredMethods.handle([Ljava/lang/Object;)V (66 bytes) @ 0x03261918 [0x032618b0+0x68]
J 881 C1 processing.core.PApplet$RegisteredMethods.handle()V (9 bytes) @ 0x032a3cf4 [0x032a3c50+0xa4]
j  processing.core.PApplet.handleDraw()V+176
j  processing.core.PApplet.run()V+72
j  java.lang.Thread.run()V+11
v  ~StubRoutines::call_stub

---------------  P R O C E S S  ---------------

Java Threads: ( => current thread )
  0x1998fc00 JavaThread "Thread-0" daemon [_thread_in_native, id=10444, stack(0x01770000,0x017c0000)]
  0x19991800 JavaThread "Thread-4" [_thread_in_native, id=2332, stack(0x183f0000,0x18440000)]
  0x0153d400 JavaThread "DestroyJavaVM" [_thread_blocked, id=14256, stack(0x03030000,0x03080000)]
=>0x177d0c00 JavaThread "Animation Thread" [_thread_in_native, id=3012, stack(0x18b90000,0x18be0000)]
  0x17752c00 JavaThread "AWT-EventQueue-0" [_thread_blocked, id=18092, stack(0x18240000,0x18290000)]
  0x17668800 JavaThread "AWT-Windows" daemon [_thread_in_native, id=12932, stack(0x17bf0000,0x17c40000)]
  0x177b7800 JavaThread "AWT-Shutdown" [_thread_blocked, id=7640, stack(0x17b60000,0x17bb0000)]
  0x1764bc00 JavaThread "Java2D Disposer" daemon [_thread_blocked, id=12528, stack(0x17ad0000,0x17b20000)]
  0x015e1400 JavaThread "Service Thread" daemon [_thread_blocked, id=18916, stack(0x17560000,0x175b0000)]
  0x015d8800 JavaThread "C1 CompilerThread0" daemon [_thread_blocked, id=3048, stack(0x174d0000,0x17520000)]
  0x015d7c00 JavaThread "Attach Listener" daemon [_thread_blocked, id=13804, stack(0x17440000,0x17490000)]
  0x015d7000 JavaThread "Signal Dispatcher" daemon [_thread_blocked, id=6856, stack(0x173b0000,0x17400000)]
  0x015c4400 JavaThread "Finalizer" daemon [_thread_blocked, id=10424, stack(0x171f0000,0x17240000)]
  0x01565c00 JavaThread "Reference Handler" daemon [_thread_blocked, id=11208, stack(0x17160000,0x171b0000)]

Other Threads:
  0x01561c00 VMThread [stack: 0x170d0000,0x17120000] [id=18016]
  0x015fd800 WatcherThread [stack: 0x176f0000,0x17740000] [id=18572]

VM state:not at safepoint (normal execution)

VM Mutex/Monitor currently owned by a thread: None

Heap:
 def new generation   total 4992K, used 2006K [0x05200000, 0x05760000, 0x0a750000)
  eden space 4480K,  40% used [0x05200000, 0x053c5c80, 0x05660000)
  from space 512K,  37% used [0x056e0000, 0x0570fc98, 0x05760000)
  to   space 512K,   0% used [0x05660000, 0x05660000, 0x056e0000)
 tenured generation   total 10944K, used 5307K [0x0a750000, 0x0b200000, 0x15200000)
   the space 10944K,  48% used [0x0a750000, 0x0ac7ecf0, 0x0ac7ee00, 0x0b200000)
 Metaspace       used 3122K, capacity 5051K, committed 5120K, reserved 5504K

Card table byte_map: [0x05120000,0x051b0000] byte_map_base: 0x050f7000

Polling page: 0x01500000

CodeCache: size=32768Kb used=2210Kb max_used=2210Kb free=30557Kb
 bounds [0x030a0000, 0x032d0000, 0x050a0000]
 total_blobs=1386 nmethods=1000 adapters=316
 compilation: enabled

Compilation events (10 events):
Event: 68.638 Thread 0x015d8800  997             java.awt.EventQueue::access$700 (4 bytes)
Event: 68.638 Thread 0x015d8800 nmethod 997 0x032c7408 code [0x032c7500, 0x032c7570]
Event: 68.638 Thread 0x015d8800  998             java.security.ProtectionDomain$JavaSecurityAccessImpl::doIntersectionPrivilege (10 bytes)
Event: 68.639 Thread 0x015d8800 nmethod 998 0x032c75c8 code [0x032c7720, 0x032c79b4]
Event: 68.840 Thread 0x015d8800  999             java.awt.Toolkit::notifyAWTEventListeners (36 bytes)
Event: 68.840 Thread 0x015d8800 nmethod 999 0x032c7d08 code [0x032c7e30, 0x032c7f94]
Event: 68.840 Thread 0x015d8800 1000   !         java.awt.AWTEvent::dispatched (47 bytes)
Event: 68.841 Thread 0x015d8800 nmethod 1000 0x032c80c8 code [0x032c8210, 0x032c8590]
Event: 69.135 Thread 0x015d8800 1001             java.util.concurrent.locks.ReentrantLock$NonfairSync::tryAcquire (6 bytes)
Event: 69.135 Thread 0x015d8800 nmethod 1001 0x032c87c8 code [0x032c88c0, 0x032c894c]

GC Heap History (10 events):
Event: 25.373 GC heap before
{Heap before GC invocations=28 (full 0):
 def new generation   total 4992K, used 4555K [0x05200000, 0x05760000, 0x0a750000)
  eden space 4480K, 100% used [0x05200000, 0x05660000, 0x05660000)
  from space 512K,  14% used [0x05660000, 0x05672e20, 0x056e0000)
  to   space 512K,   0% used [0x056e0000, 0x056e0000, 0x05760000)
 tenured generation   total 10944K, used 5307K [0x0a750000, 0x0b200000, 0x15200000)
   the space 10944K,  48% used [0x0a750000, 0x0ac7ecf0, 0x0ac7ee00, 0x0b200000)
 Metaspace       used 3116K, capacity 5051K, committed 5120K, reserved 5504K
Event: 25.374 GC heap after
Heap after GC invocations=29 (full 0):
 def new generation   total 4992K, used 76K [0x05200000, 0x05760000, 0x0a750000)
  eden space 4480K,   0% used [0x05200000, 0x05200000, 0x05660000)
  from space 512K,  15% used [0x056e0000, 0x056f33e8, 0x05760000)
  to   space 512K,   0% used [0x05660000, 0x05660000, 0x056e0000)
 tenured generation   total 10944K, used 5307K [0x0a750000, 0x0b200000, 0x15200000)
   the space 10944K,  48% used [0x0a750000, 0x0ac7ecf0, 0x0ac7ee00, 0x0b200000)
 Metaspace       used 3116K, capacity 5051K, committed 5120K, reserved 5504K
}
Event: 34.630 GC heap before
{Heap before GC invocations=29 (full 0):
 def new generation   total 4992K, used 4556K [0x05200000, 0x05760000, 0x0a750000)
  eden space 4480K, 100% used [0x05200000, 0x05660000, 0x05660000)
  from space 512K,  15% used [0x056e0000, 0x056f33e8, 0x05760000)
  to   space 512K,   0% used [0x05660000, 0x05660000, 0x056e0000)
 tenured generation   total 10944K, used 5307K [0x0a750000, 0x0b200000, 0x15200000)
   the space 10944K,  48% used [0x0a750000, 0x0ac7ecf0, 0x0ac7ee00, 0x0b200000)
 Metaspace       used 3117K, capacity 5051K, committed 5120K, reserved 5504K
Event: 34.632 GC heap after
Heap after GC invocations=30 (full 0):
 def new generation   total 4992K, used 79K [0x05200000, 0x05760000, 0x0a750000)
  eden space 4480K,   0% used [0x05200000, 0x05200000, 0x05660000)
  from space 512K,  15% used [0x05660000, 0x05673d78, 0x056e0000)
  to   space 512K,   0% used [0x056e0000, 0x056e0000, 0x05760000)
 tenured generation   total 10944K, used 5307K [0x0a750000, 0x0b200000, 0x15200000)
   the space 10944K,  48% used [0x0a750000, 0x0ac7ecf0, 0x0ac7ee00, 0x0b200000)
 Metaspace       used 3117K, capacity 5051K, committed 5120K, reserved 5504K
}
Event: 49.051 GC heap before
{Heap before GC invocations=30 (full 0):
 def new generation   total 4992K, used 4559K [0x05200000, 0x05760000, 0x0a750000)
  eden space 4480K, 100% used [0x05200000, 0x05660000, 0x05660000)
  from space 512K,  15% used [0x05660000, 0x05673d78, 0x056e0000)
  to   space 512K,   0% used [0x056e0000, 0x056e0000, 0x05760000)
 tenured generation   total 10944K, used 5307K [0x0a750000, 0x0b200000, 0x15200000)
   the space 10944K,  48% used [0x0a750000, 0x0ac7ecf0, 0x0ac7ee00, 0x0b200000)
 Metaspace       used 3117K, capacity 5051K, committed 5120K, reserved 5504K
Event: 49.055 GC heap after
Heap after GC invocations=31 (full 0):
 def new generation   total 4992K, used 79K [0x05200000, 0x05760000, 0x0a750000)
  eden space 4480K,   0% used [0x05200000, 0x05200000, 0x05660000)
  from space 512K,  15% used [0x056e0000, 0x056f3ef0, 0x05760000)
  to   space 512K,   0% used [0x05660000, 0x05660000, 0x056e0000)
 tenured generation   total 10944K, used 5307K [0x0a750000, 0x0b200000, 0x15200000)
   the space 10944K,  48% used [0x0a750000, 0x0ac7ecf0, 0x0ac7ee00, 0x0b200000)
 Metaspace       used 3117K, capacity 5051K, committed 5120K, reserved 5504K
}
Event: 60.416 GC heap before
{Heap before GC invocations=31 (full 0):
 def new generation   total 4992K, used 4559K [0x05200000, 0x05760000, 0x0a750000)
  eden space 4480K, 100% used [0x05200000, 0x05660000, 0x05660000)
  from space 512K,  15% used [0x056e0000, 0x056f3ef0, 0x05760000)
  to   space 512K,   0% used [0x05660000, 0x05660000, 0x056e0000)
 tenured generation   total 10944K, used 5307K [0x0a750000, 0x0b200000, 0x15200000)
   the space 10944K,  48% used [0x0a750000, 0x0ac7ecf0, 0x0ac7ee00, 0x0b200000)
 Metaspace       used 3121K, capacity 5051K, committed 5120K, reserved 5504K
Event: 60.416 GC heap after
Heap after GC invocations=32 (full 0):
 def new generation   total 4992K, used 192K [0x05200000, 0x05760000, 0x0a750000)
  eden space 4480K,   0% used [0x05200000, 0x05200000, 0x05660000)
  from space 512K,  37% used [0x05660000, 0x056903b0, 0x056e0000)
  to   space 512K,   0% used [0x056e0000, 0x056e0000, 0x05760000)
 tenured generation   total 10944K, used 5307K [0x0a750000, 0x0b200000, 0x15200000)
   the space 10944K,  48% used [0x0a750000, 0x0ac7ecf0, 0x0ac7ee00, 0x0b200000)
 Metaspace       used 3121K, capacity 5051K, committed 5120K, reserved 5504K
}
Event: 67.317 GC heap before
{Heap before GC invocations=32 (full 0):
 def new generation   total 4992K, used 4672K [0x05200000, 0x05760000, 0x0a750000)
  eden space 4480K, 100% used [0x05200000, 0x05660000, 0x05660000)
  from space 512K,  37% used [0x05660000, 0x056903b0, 0x056e0000)
  to   space 512K,   0% used [0x056e0000, 0x056e0000, 0x05760000)
 tenured generation   total 10944K, used 5307K [0x0a750000, 0x0b200000, 0x15200000)
   the space 10944K,  48% used [0x0a750000, 0x0ac7ecf0, 0x0ac7ee00, 0x0b200000)
 Metaspace       used 3121K, capacity 5051K, committed 5120K, reserved 5504K
Event: 67.325 GC heap after
Heap after GC invocations=33 (full 0):
 def new generation   total 4992K, used 191K [0x05200000, 0x05760000, 0x0a750000)
  eden space 4480K,   0% used [0x05200000, 0x05200000, 0x05660000)
  from space 512K,  37% used [0x056e0000, 0x0570fc98, 0x05760000)
  to   space 512K,   0% used [0x05660000, 0x05660000, 0x056e0000)
 tenured generation   total 10944K, used 5307K [0x0a750000, 0x0b200000, 0x15200000)
   the space 10944K,  48% used [0x0a750000, 0x0ac7ecf0, 0x0ac7ee00, 0x0b200000)
 Metaspace       used 3121K, capacity 5051K, committed 5120K, reserved 5504K
}

Deoptimization events (0 events):
No events

Classes redefined (0 events):
No events

Internal exceptions (10 events):
Event: 69.111 Thread 0x177d0c00 Exception <a 'java/io/IOException'> (0x053604f8) thrown at [C:\jenkins\workspace\8-2-build-windows-i586-cygwin-sans-NAS\jdk8u391\514\hotspot\src\share\vm\prims\jni.cpp, line 710]
Event: 69.111 Thread 0x177d0c00 Exception <a 'java/io/IOException'> (0x05360790) thrown at [C:\jenkins\workspace\8-2-build-windows-i586-cygwin-sans-NAS\jdk8u391\514\hotspot\src\share\vm\prims\jni.cpp, line 710]
Event: 69.111 Thread 0x177d0c00 Exception <a 'java/io/IOException'> (0x05360a28) thrown at [C:\jenkins\workspace\8-2-build-windows-i586-cygwin-sans-NAS\jdk8u391\514\hotspot\src\share\vm\prims\jni.cpp, line 710]
Event: 69.111 Thread 0x177d0c00 Exception <a 'java/io/IOException'> (0x05360cc8) thrown at [C:\jenkins\workspace\8-2-build-windows-i586-cygwin-sans-NAS\jdk8u391\514\hotspot\src\share\vm\prims\jni.cpp, line 710]
Event: 69.111 Thread 0x177d0c00 Exception <a 'java/io/IOException'> (0x05360fb0) thrown at [C:\jenkins\workspace\8-2-build-windows-i586-cygwin-sans-NAS\jdk8u391\514\hotspot\src\share\vm\prims\jni.cpp, line 710]
Event: 69.111 Thread 0x177d0c00 Exception <a 'java/io/IOException'> (0x05361228) thrown at [C:\jenkins\workspace\8-2-build-windows-i586-cygwin-sans-NAS\jdk8u391\514\hotspot\src\share\vm\prims\jni.cpp, line 710]
Event: 69.111 Thread 0x177d0c00 Exception <a 'java/io/IOException'> (0x05361470) thrown at [C:\jenkins\workspace\8-2-build-windows-i586-cygwin-sans-NAS\jdk8u391\514\hotspot\src\share\vm\prims\jni.cpp, line 710]
Event: 69.111 Thread 0x177d0c00 Exception <a 'java/io/IOException'> (0x05361718) thrown at [C:\jenkins\workspace\8-2-build-windows-i586-cygwin-sans-NAS\jdk8u391\514\hotspot\src\share\vm\prims\jni.cpp, line 710]
Event: 69.111 Thread 0x177d0c00 Exception <a 'java/io/IOException'> (0x05361990) thrown at [C:\jenkins\workspace\8-2-build-windows-i586-cygwin-sans-NAS\jdk8u391\514\hotspot\src\share\vm\prims\jni.cpp, line 710]
Event: 69.111 Thread 0x177d0c00 Exception <a 'java/io/IOException'> (0x05361bd8) thrown at [C:\jenkins\workspace\8-2-build-windows-i586-cygwin-sans-NAS\jdk8u391\514\hotspot\src\share\vm\prims\jni.cpp, line 710]

Events (10 events):
Event: 60.417 Executing VM operation: RevokeBias done
Event: 60.721 Executing VM operation: RevokeBias
Event: 60.722 Executing VM operation: RevokeBias done
Event: 67.316 Executing VM operation: GenCollectForAllocation
Event: 67.325 Executing VM operation: GenCollectForAllocation done
Event: 69.555 Thread 0x19992400 Thread added: 0x19992400
Event: 69.555 Thread 0x1998fc00 Thread added: 0x1998fc00
Event: 69.555 Thread 0x19991000 Thread added: 0x19991000
Event: 69.555 Thread 0x19992400 Thread exited: 0x19992400
Event: 69.556 Thread 0x19991000 Thread exited: 0x19991000


Dynamic libraries:
0x00470000 - 0x004b0000 	C:\Program Files (x86)\Common Files\Oracle\Java\javapath\javaw.exe
0x77330000 - 0x774e1000 	C:\WINDOWS\SYSTEM32\ntdll.dll
0x767a0000 - 0x76890000 	C:\WINDOWS\System32\KERNEL32.DLL
0x75720000 - 0x75994000 	C:\WINDOWS\System32\KERNELBASE.dll
0x74fa0000 - 0x7501f000 	C:\WINDOWS\System32\ADVAPI32.dll
0x75260000 - 0x75324000 	C:\WINDOWS\System32\msvcrt.dll
0x75630000 - 0x756b5000 	C:\WINDOWS\System32\sechost.dll
0x76d50000 - 0x76d6a000 	C:\WINDOWS\System32\bcrypt.dll
0x75470000 - 0x7552a000 	C:\WINDOWS\System32\RPCRT4.dll
0x76480000 - 0x76629000 	C:\WINDOWS\System32\USER32.dll
0x76d30000 - 0x76d4a000 	C:\WINDOWS\System32\win32u.dll
0x75230000 - 0x75253000 	C:\WINDOWS\System32\GDI32.dll
0x76f50000 - 0x77032000 	C:\WINDOWS\System32\gdi32full.dll
0x76bc0000 - 0x76c39000 	C:\WINDOWS\System32\msvcp_win.dll
0x77200000 - 0x77312000 	C:\WINDOWS\System32\ucrtbase.dll
0x74990000 - 0x74bb8000 	C:\WINDOWS\WinSxS\x86_microsoft.windows.common-controls_6595b64144ccf1df_6.0.22621.3235_none_6ebcabb88802389e\COMCTL32.dll
0x76d70000 - 0x76d95000 	C:\WINDOWS\System32\IMM32.DLL
0x6f7e0000 - 0x6f7f5000 	C:\Program Files (x86)\Java\jre-1.8\bin\vcruntime140.dll
0x620c0000 - 0x6212d000 	C:\Program Files (x86)\Java\jre-1.8\bin\msvcp140.dll
0x60f20000 - 0x61327000 	C:\Program Files (x86)\Java\jre-1.8\bin\client\jvm.dll
0x76c50000 - 0x76c56000 	C:\WINDOWS\System32\PSAPI.DLL
0x74030000 - 0x74038000 	C:\WINDOWS\SYSTEM32\VERSION.dll
0x71c10000 - 0x71c18000 	C:\WINDOWS\SYSTEM32\WSOCK32.dll
0x740f0000 - 0x74121000 	C:\WINDOWS\SYSTEM32\WINMM.dll
0x76cd0000 - 0x76d2f000 	C:\WINDOWS\System32\WS2_32.dll
0x74040000 - 0x74053000 	C:\WINDOWS\SYSTEM32\kernel.appcore.dll
0x6f1c0000 - 0x6f1cd000 	C:\Program Files (x86)\Java\jre-1.8\bin\verify.dll
0x61d20000 - 0x61d44000 	C:\Program Files (x86)\Java\jre-1.8\bin\java.dll
0x668f0000 - 0x66906000 	C:\Program Files (x86)\Java\jre-1.8\bin\zip.dll
0x759a0000 - 0x76039000 	C:\WINDOWS\System32\SHELL32.dll
0x74130000 - 0x7481f000 	C:\WINDOWS\SYSTEM32\windows.storage.dll
0x76920000 - 0x76b9c000 	C:\WINDOWS\System32\combase.dll
0x737a0000 - 0x73867000 	C:\WINDOWS\SYSTEM32\wintypes.dll
0x75330000 - 0x753f1000 	C:\WINDOWS\System32\SHCORE.dll
0x76da0000 - 0x76deb000 	C:\WINDOWS\System32\shlwapi.dll
0x720b0000 - 0x720c9000 	C:\WINDOWS\SYSTEM32\profapi.dll
0x60dd0000 - 0x60f1e000 	C:\Program Files (x86)\Java\jre-1.8\bin\awt.dll
0x75590000 - 0x7562c000 	C:\WINDOWS\System32\OLEAUT32.dll
0x74e80000 - 0x74f26000 	C:\WINDOWS\SYSTEM32\apphelp.dll
0x73630000 - 0x736af000 	C:\WINDOWS\system32\uxtheme.dll
0x64350000 - 0x6444f000 	C:\ProgramData\A-Volute\A-Volute.Nahimic\Modules\Scheduled\AudioDevProps2.dll
0x76df0000 - 0x76f45000 	C:\WINDOWS\System32\ole32.dll
0x77040000 - 0x7713f000 	C:\WINDOWS\System32\MSCTF.dll
0x76c60000 - 0x76cc2000 	C:\WINDOWS\System32\bcryptPrimitives.dll
0x735f0000 - 0x73614000 	C:\WINDOWS\system32\DWMAPI.DLL
0x60cf0000 - 0x60dd0000 	C:\WINDOWS\system32\opengl32.dll
0x61cd0000 - 0x61d12000 	C:\WINDOWS\SYSTEM32\GLU32.dll
0x6f4e0000 - 0x6f50e000 	C:\WINDOWS\SYSTEM32\dxcore.dll
0x61c80000 - 0x61cc3000 	C:\Program Files (x86)\Java\jre-1.8\bin\fontmanager.dll
0x18be0000 - 0x18c2d000 	C:\MY_DATA\MULTIWII\Multiwii\MultiWii_2_3\MultiWiiConf\application.windows32\jogl.dll
0x65a50000 - 0x65a56000 	C:\Program Files (x86)\Java\jre-1.8\bin\jawt.dll
0x19030000 - 0x19035000 	C:\MY_DATA\MULTIWII\Multiwii\MultiWii_2_3\MultiWiiConf\application.windows32\jogl_awt.dll
0x6f0e0000 - 0x6f11c000 	C:\WINDOWS\SYSTEM32\directxdatabasehelper.dll
0x61b60000 - 0x61c59000 	C:\WINDOWS\SYSTEM32\textinputframework.dll
0x76890000 - 0x76912000 	C:\WINDOWS\System32\clbcatq.dll
0x65940000 - 0x65a1f000 	C:\Windows\System32\AppXDeploymentClient.dll
0x5fdc0000 - 0x60ce5000 	C:\WINDOWS\System32\DriverStore\FileRepository\iigd_dch.inf_amd64_64f1ea0105c67ec6\igxelpicd32.dll
0x673e0000 - 0x674aa000 	C:\WINDOWS\system32\dxgi.dll
0x5fcc0000 - 0x5fdbc000 	C:\WINDOWS\System32\DriverStore\FileRepository\iigd_dch.inf_amd64_64f1ea0105c67ec6\igdml32.dll
0x68ad0000 - 0x68e06000 	C:\WINDOWS\System32\DriverStore\FileRepository\iigd_dch.inf_amd64_64f1ea0105c67ec6\igdgmm32.dll
0x626a0000 - 0x626a8000 	C:\Program Files (x86)\Internet Download Manager\idmmkb.dll
0x5b3c0000 - 0x5ecc6000 	C:\WINDOWS\System32\DriverStore\FileRepository\iigd_dch.inf_amd64_64f1ea0105c67ec6\igc32.dll
0x74bf0000 - 0x74c35000 	C:\WINDOWS\SYSTEM32\powrprof.dll
0x73620000 - 0x7362e000 	C:\WINDOWS\SYSTEM32\UMPDC.dll
0x61c60000 - 0x61c77000 	C:\Program Files (x86)\Java\jre-1.8\bin\net.dll
0x70e50000 - 0x70ea1000 	C:\WINDOWS\system32\mswsock.dll
0x65a40000 - 0x65a4f000 	C:\Program Files (x86)\Java\jre-1.8\bin\nio.dll
0x5fc80000 - 0x5fcb6000 	C:\Program Files (x86)\Java\jre-1.8\bin\t2k.dll
0x71080000 - 0x71096000 	C:\MY_DATA\MULTIWII\Multiwii\MultiWii_2_3\MultiWiiConf\application.windows32\rxtxSerial.dll
0x666d0000 - 0x6679e000 	C:\WINDOWS\SYSTEM32\CoreMessaging.dll
0x61330000 - 0x615c1000 	C:\WINDOWS\SYSTEM32\CoreUIComponents.dll
0x70eb0000 - 0x70ebb000 	C:\WINDOWS\SYSTEM32\CRYPTBASE.DLL
0x6e940000 - 0x6eb16000 	C:\WINDOWS\SYSTEM32\dbghelp.dll

VM Arguments:
java_command: MultiWiiConf
java_class_path (initial): C:\MY_DATA\MULTIWII\Multiwii\MultiWii_2_3\MultiWiiConf\application.windows32\lib\MultiWiiConf.jar;C:\MY_DATA\MULTIWII\Multiwii\MultiWii_2_3\MultiWiiConf\application.windows32\lib\core.jar;C:\MY_DATA\MULTIWII\Multiwii\MultiWii_2_3\MultiWiiConf\application.windows32\lib\RXTXcomm.jar;C:\MY_DATA\MULTIWII\Multiwii\MultiWii_2_3\MultiWiiConf\application.windows32\lib\serial.jar;C:\MY_DATA\MULTIWII\Multiwii\MultiWii_2_3\MultiWiiConf\application.windows32\lib\controlP5.jar;C:\MY_DATA\MULTIWII\Multiwii\MultiWii_2_3\MultiWiiConf\application.windows32\lib\gluegen-rt.jar;C:\MY_DATA\MULTIWII\Multiwii\MultiWii_2_3\MultiWiiConf\application.windows32\lib\jogl.jar;C:\MY_DATA\MULTIWII\Multiwii\MultiWii_2_3\MultiWiiConf\application.windows32\lib\opengl.jar
Launcher Type: SUN_STANDARD

Environment Variables:
CLASSPATH=C:\MY_DATA\MULTIWII\Multiwii\MultiWii_2_3\MultiWiiConf\application.windows32\lib\MultiWiiConf.jar;C:\MY_DATA\MULTIWII\Multiwii\MultiWii_2_3\MultiWiiConf\application.windows32\lib\core.jar;C:\MY_DATA\MULTIWII\Multiwii\MultiWii_2_3\MultiWiiConf\application.windows32\lib\RXTXcomm.jar;C:\MY_DATA\MULTIWII\Multiwii\MultiWii_2_3\MultiWiiConf\application.windows32\lib\serial.jar;C:\MY_DATA\MULTIWII\Multiwii\MultiWii_2_3\MultiWiiConf\application.windows32\lib\controlP5.jar;C:\MY_DATA\MULTIWII\Multiwii\MultiWii_2_3\MultiWiiConf\application.windows32\lib\gluegen-rt.jar;C:\MY_DATA\MULTIWII\Multiwii\MultiWii_2_3\MultiWiiConf\application.windows32\lib\jogl.jar;C:\MY_DATA\MULTIWII\Multiwii\MultiWii_2_3\MultiWiiConf\application.windows32\lib\opengl.jar
PATH=C:\Program Files (x86)\Common Files\Oracle\Java\javapath;C:\Windows\system32;C:\Windows;C:\Windows\System32\Wbem;C:\Windows\System32\WindowsPowerShell\v1.0;C:\Program Files (x86)\NVIDIA Corporation\PhysX\Common;C:\WINDOWS\system32;C:\WINDOWS;C:\WINDOWS\System32\Wbem;C:\WINDOWS\System32\WindowsPowerShell\v1.0;C:\Program Files\NVIDIA Corporation\NVIDIA NvDLISR;C:\Program Files\dotnet;C:\Program Files\PuTTY;C:\Users\MSI-1\AppData\Local\Microsoft\WindowsApps
USERNAME=MSI-1
OS=Windows_NT
PROCESSOR_IDENTIFIER=Intel64 Family 6 Model 141 Stepping 1, GenuineIntel



---------------  S Y S T E M  ---------------

OS: Windows 11 , 64 bit Build 22621 (10.0.22621.3374)

CPU:total 12 (initial active 12) (6 cores per cpu, 2 threads per core) family 6 model 141 stepping 1, cmov, cx8, fxsr, mmx, sse, sse2, sse3, ssse3, sse4.1, sse4.2, popcnt, avx, avx2, aes, clmul, erms, 3dnowpref, lzcnt, ht, tsc, tscinvbit, bmi1, bmi2, adx

Memory: 4k page, physical 8066736k(1707168k free), swap 15931056k(5568552k free)

vm_info: Java HotSpot(TM) Client VM (25.391-b13) for windows-x86 JRE (1.8.0_391-b13), built on Oct  4 2023 07:58:09 by "java_re" with MS VC++ 17.1 (VS2022)

time: Fri Apr  5 19:28:41 2024
timezone: India Standard Time
elapsed time: 69.687281 seconds (0d 0h 1m 9s)

